============================================================
  Generated by:           Genus(TM) Synthesis Solution 19.13-s073_1
  Generated on:           May 06 2022  05:49:29 pm
  Module:                 bound_flasher_module
  Operating conditions:   slow 
  Interconnect mode:      global
  Area mode:              physical library
============================================================

Timing
--------

Clock Period 
-------------
clk   1500.0 


        Cost          Critical         Violating 
       Group         Path Slack  TNS     Paths   
-------------------------------------------------
C2C                         2.0   0.0          0 
C2O                         0.3   0.0          0 
cg_enable_group_clk        18.0   0.0          0 
clk                    No paths   0.0            
default                No paths   0.0            
I2C                         5.2   0.0          0 
I2O                    No paths   0.0            
-------------------------------------------------
Total                             0.0          0 

Instance Count
--------------
Leaf Instance Count             224 
Physical Instance count           0 
Sequential Instance Count        10 
Combinational Instance Count    214 
Hierarchical Instance Count       1 

Area
----
Cell Area                          570.011
Physical Cell Area                 0.000
Total Cell Area (Cell+Physical)    570.011
Net Area                           273.666
Total Area (Cell+Physical+Net)     843.677

Runtime                            0.0 seconds
Elapsed Runtime                    39 seconds
Genus peak memory usage            1070.45 
Innovus peak memory usage          no_value 
Hostname                           ktmt
